<?xml version="1.0" encoding="UTF-8"?>
<!-- Generated by org.testng.reporters.JUnitXMLReporter -->
<testsuite hostname="CSPC150" ignored="0" name="apiAutomationTests" tests="4" failures="0" timestamp="02 Mar 2022 06:51:11 GMT" time="2.539" errors="0">
  <testcase name="checkContentType" time="0.002" classname="testcases.Get_Request_Test"/>
  <testcase name="checkResponseBody" time="0.015" classname="testcases.Get_Request_Test"/>
  <testcase name="checkResponseTime" time="0.0" classname="testcases.Get_Request_Test"/>
  <testcase name="checkStatusCode" time="0.0" classname="testcases.Get_Request_Test"/>
</testsuite> <!-- apiAutomationTests -->
