<?xml version="1.0" encoding="UTF-8"?>
<!-- Generated by org.testng.reporters.JUnitXMLReporter -->
<testsuite hostname="CSPC150" ignored="0" name="LoginTest" tests="10" failures="0" timestamp="11 Mar 2022 10:05:11 GMT" time="54.886" errors="0">
  <testcase name="open_the_LoginPage_Url" time="18.129" classname="test.LoginTest"/>
  <testcase name="enter_valid_username_and_invalid_password" time="5.647" classname="test.LoginTest"/>
  <testcase name="enter_invalid_username_and_valid_password" time="4.267" classname="test.LoginTest"/>
  <testcase name="enter_valid_username_and_empty_password" time="4.237" classname="test.LoginTest"/>
  <testcase name="enter_invalid_username_and_empty_password" time="4.236" classname="test.LoginTest"/>
  <testcase name="enter_empty_username_and_valid_password" time="4.208" classname="test.LoginTest"/>
  <testcase name="enter_empty_username_and_invalid_password" time="4.395" classname="test.LoginTest"/>
  <testcase name="enter_empty_username_and_empty_password" time="4.268" classname="test.LoginTest"/>
  <testcase name="enter_invalid_username_and_invalid_password" time="4.193" classname="test.LoginTest"/>
  <testcase name="enter_valid_username_and_valid_password" time="1.252" classname="test.LoginTest"/>
</testsuite> <!-- LoginTest -->
