<?xml version="1.0" encoding="UTF-8"?>
<!-- Generated by org.testng.reporters.JUnitXMLReporter -->
<testsuite hostname="CSPC150" name="Default test" tests="4" failures="0" timestamp="2 Mar 2022 12:45:50 GMT" time="2.61" errors="0">
  <testcase name="checkContentType" time="0.004" classname="testcases.Get_Request_Test"/>
  <testcase name="checkResponseBody" time="0.015" classname="testcases.Get_Request_Test"/>
  <testcase name="checkResponseTime" time="0.002" classname="testcases.Get_Request_Test"/>
  <testcase name="checkStatusCode" time="0.001" classname="testcases.Get_Request_Test"/>
</testsuite> <!-- Default test -->
