<?xml version="1.0" encoding="UTF-8"?>
<!-- Generated by org.testng.reporters.JUnitXMLReporter -->
<testsuite hostname="CSPC150" name="Default test" tests="4" failures="0" timestamp="2 Mar 2022 06:20:43 GMT" time="0.075" errors="0">
  <testcase name="checkContentType" time="0.0" classname="testcases.Post_Request_Test">
    <skipped/>
  </testcase> <!-- checkContentType -->
  <testcase name="checkResponseBody" time="0.0" classname="testcases.Post_Request_Test">
    <skipped/>
  </testcase> <!-- checkResponseBody -->
  <testcase name="checkResponseTime" time="0.0" classname="testcases.Post_Request_Test">
    <skipped/>
  </testcase> <!-- checkResponseTime -->
  <testcase name="checkStatusCode" time="0.0" classname="testcases.Post_Request_Test">
    <skipped/>
  </testcase> <!-- checkStatusCode -->
</testsuite> <!-- Default test -->
