<?xml version="1.0" encoding="UTF-8"?>
<!-- Generated by org.testng.reporters.JUnitXMLReporter -->
<testsuite hostname="CSPC150" name="LoginTest" tests="10" failures="0" timestamp="11 Mar 2022 10:10:34 GMT" time="53.338" errors="0">
  <testcase name="open_the_LoginPage_Url" time="17.737" classname="test.LoginTest"/>
  <testcase name="enter_valid_username_and_invalid_password" time="4.618" classname="test.LoginTest"/>
  <testcase name="enter_invalid_username_and_valid_password" time="4.291" classname="test.LoginTest"/>
  <testcase name="enter_valid_username_and_empty_password" time="4.269" classname="test.LoginTest"/>
  <testcase name="enter_invalid_username_and_empty_password" time="4.19" classname="test.LoginTest"/>
  <testcase name="enter_empty_username_and_valid_password" time="4.272" classname="test.LoginTest"/>
  <testcase name="enter_empty_username_and_invalid_password" time="4.186" classname="test.LoginTest"/>
  <testcase name="enter_empty_username_and_empty_password" time="4.269" classname="test.LoginTest"/>
  <testcase name="enter_invalid_username_and_invalid_password" time="4.26" classname="test.LoginTest"/>
  <testcase name="enter_valid_username_and_valid_password" time="1.221" classname="test.LoginTest"/>
</testsuite> <!-- LoginTest -->
