<?xml version="1.0" encoding="UTF-8"?>
<testng-results skipped="0" failed="0" total="10" passed="10">
  <reporter-output>
  </reporter-output>
  <suite name="RegressionTest" duration-ms="53338" started-at="2022-03-11T10:09:40Z" finished-at="2022-03-11T10:10:34Z">
    <groups>
    </groups>
    <test name="LoginTest" duration-ms="53338" started-at="2022-03-11T10:09:40Z" finished-at="2022-03-11T10:10:34Z">
      <class name="test.LoginTest">
        <test-method status="PASS" signature="open_the_LoginPage_Url()[pri:1, instance:test.LoginTest@6b143ee9]" name="open_the_LoginPage_Url" duration-ms="17737" started-at="2022-03-11T15:39:40Z" finished-at="2022-03-11T15:39:58Z">
          <reporter-output>
          </reporter-output>
        </test-method> <!-- open_the_LoginPage_Url -->
        <test-method status="PASS" signature="enter_valid_username_and_invalid_password()[pri:2, instance:test.LoginTest@6b143ee9]" name="enter_valid_username_and_invalid_password" duration-ms="4618" started-at="2022-03-11T15:39:58Z" finished-at="2022-03-11T15:40:03Z">
          <reporter-output>
          </reporter-output>
        </test-method> <!-- enter_valid_username_and_invalid_password -->
        <test-method status="PASS" signature="enter_invalid_username_and_valid_password()[pri:3, instance:test.LoginTest@6b143ee9]" name="enter_invalid_username_and_valid_password" duration-ms="4291" started-at="2022-03-11T15:40:03Z" finished-at="2022-03-11T15:40:07Z">
          <reporter-output>
          </reporter-output>
        </test-method> <!-- enter_invalid_username_and_valid_password -->
        <test-method status="PASS" signature="enter_valid_username_and_empty_password()[pri:4, instance:test.LoginTest@6b143ee9]" name="enter_valid_username_and_empty_password" duration-ms="4269" started-at="2022-03-11T15:40:07Z" finished-at="2022-03-11T15:40:11Z">
          <reporter-output>
          </reporter-output>
        </test-method> <!-- enter_valid_username_and_empty_password -->
        <test-method status="PASS" signature="enter_invalid_username_and_empty_password()[pri:5, instance:test.LoginTest@6b143ee9]" name="enter_invalid_username_and_empty_password" duration-ms="4190" started-at="2022-03-11T15:40:11Z" finished-at="2022-03-11T15:40:15Z">
          <reporter-output>
          </reporter-output>
        </test-method> <!-- enter_invalid_username_and_empty_password -->
        <test-method status="PASS" signature="enter_empty_username_and_valid_password()[pri:6, instance:test.LoginTest@6b143ee9]" name="enter_empty_username_and_valid_password" duration-ms="4272" started-at="2022-03-11T15:40:15Z" finished-at="2022-03-11T15:40:20Z">
          <reporter-output>
          </reporter-output>
        </test-method> <!-- enter_empty_username_and_valid_password -->
        <test-method status="PASS" signature="enter_empty_username_and_invalid_password()[pri:7, instance:test.LoginTest@6b143ee9]" name="enter_empty_username_and_invalid_password" duration-ms="4186" started-at="2022-03-11T15:40:20Z" finished-at="2022-03-11T15:40:24Z">
          <reporter-output>
          </reporter-output>
        </test-method> <!-- enter_empty_username_and_invalid_password -->
        <test-method status="PASS" signature="enter_empty_username_and_empty_password()[pri:8, instance:test.LoginTest@6b143ee9]" name="enter_empty_username_and_empty_password" duration-ms="4269" started-at="2022-03-11T15:40:24Z" finished-at="2022-03-11T15:40:28Z">
          <reporter-output>
          </reporter-output>
        </test-method> <!-- enter_empty_username_and_empty_password -->
        <test-method status="PASS" signature="enter_invalid_username_and_invalid_password()[pri:9, instance:test.LoginTest@6b143ee9]" name="enter_invalid_username_and_invalid_password" duration-ms="4260" started-at="2022-03-11T15:40:28Z" finished-at="2022-03-11T15:40:32Z">
          <reporter-output>
          </reporter-output>
        </test-method> <!-- enter_invalid_username_and_invalid_password -->
        <test-method status="PASS" signature="enter_valid_username_and_valid_password()[pri:10, instance:test.LoginTest@6b143ee9]" name="enter_valid_username_and_valid_password" duration-ms="1221" started-at="2022-03-11T15:40:32Z" finished-at="2022-03-11T15:40:34Z">
          <reporter-output>
          </reporter-output>
        </test-method> <!-- enter_valid_username_and_valid_password -->
      </class> <!-- test.LoginTest -->
    </test> <!-- LoginTest -->
  </suite> <!-- RegressionTest -->
</testng-results>
