<?xml version="1.0" encoding="UTF-8"?>
<!-- Generated by org.testng.reporters.JUnitXMLReporter -->
<testsuite hostname="CSPC150" name="apiAutomationTests" tests="4" failures="0" timestamp="4 Mar 2022 07:00:05 GMT" time="2.697" errors="0">
  <testcase name="checkContentType" time="0.006" classname="testcases.Get_Request_Test"/>
  <testcase name="checkResponseBody" time="0.02" classname="testcases.Get_Request_Test"/>
  <testcase name="checkResponseTime" time="0.003" classname="testcases.Get_Request_Test"/>
  <testcase name="checkStatusCode" time="0.004" classname="testcases.Get_Request_Test"/>
</testsuite> <!-- apiAutomationTests -->
