<?xml version="1.0" encoding="UTF-8"?>
<testsuite xmlns:xsi="http://www.w3.org/2001/XMLSchema-instance" xsi:noNamespaceSchemaLocation="https://maven.apache.org/surefire/maven-surefire-plugin/xsd/surefire-test-report-3.0.xsd" version="3.0" name="TestSuite" time="69.615" tests="10" errors="0" skipped="0" failures="0">
  <properties>
[...]
</properties>
  <testcase name="open_the_LoginPage_Url" classname="test.LoginTest" time="33.213">
    <system-err><![CDATA[SLF4J: Failed to load class "org.slf4j.impl.StaticLoggerBinder".
SLF4J: Defaulting to no-operation (NOP) logger implementation
SLF4J: See http://www.slf4j.org/codes.html#StaticLoggerBinder for further details.
Starting ChromeDriver 98.0.4758.102 (273bf7ac8c909cde36982d27f66f3c70846a3718-refs/branch-heads/4758@{#1151}) on port 63226
Only local connections are allowed.
Please see https://chromedriver.chromium.org/security-considerations for suggestions on keeping ChromeDriver safe.
ChromeDriver was started successfully.
[1646994185.186][WARNING]: This version of ChromeDriver has not been tested with Chrome version 99.
Mar 11, 2022 3:53:05 PM org.openqa.selenium.remote.ProtocolHandshake createSession
INFO: Detected dialect: W3C
Mar 11, 2022 3:53:05 PM org.openqa.selenium.devtools.CdpVersionFinder findNearestMatch
WARNING: Unable to find an exact match for CDP version 99, so returning the closest version found: 97
Mar 11, 2022 3:53:05 PM org.openqa.selenium.devtools.CdpVersionFinder findNearestMatch
INFO: Found CDP implementation for version 99 of 97
]]></system-err>
  </testcase>
  <testcase name="enter_valid_username_and_invalid_password" classname="test.LoginTest" time="4.619"/>
  <testcase name="enter_invalid_username_and_valid_password" classname="test.LoginTest" time="4.28"/>
  <testcase name="enter_valid_username_and_empty_password" classname="test.LoginTest" time="4.252"/>
  <testcase name="enter_invalid_username_and_empty_password" classname="test.LoginTest" time="4.248"/>
  <testcase name="enter_empty_username_and_valid_password" classname="test.LoginTest" time="4.292"/>
  <testcase name="enter_empty_username_and_invalid_password" classname="test.LoginTest" time="4.255"/>
  <testcase name="enter_empty_username_and_empty_password" classname="test.LoginTest" time="4.237"/>
  <testcase name="enter_invalid_username_and_invalid_password" classname="test.LoginTest" time="4.225"/>
  <testcase name="enter_valid_username_and_valid_password" classname="test.LoginTest" time="1.25"/>
</testsuite>